<?xml version="1.0" encoding="UTF-8"?>
<!-- Generated by org.testng.reporters.JUnitReportReporter -->
<testsuite hostname="Sakti_C" failures="0" tests="1" name="runners.ArticleRunner" time="3.552" errors="0" timestamp="2025-04-16T12:49:22 IST" skipped="0">
  <testcase classname="runners.ArticleRunner" name="runScenario" time="3.552"/>
</testsuite> <!-- runners.ArticleRunner -->
